
> entrevistia@0.1.0 build
> next build

   ▲ Next.js 15.5.7
   - Environments: .env.local, .env.production
   - Experiments (use with caution):
     · serverActions

   Creating an optimized production build ...
 ✓ Compiled successfully in 5.7s
   Linting and checking validity of types ...

./app/(dashboard)/criar-entrevista/page.tsx
3:20  Warning: 'useEffect' is defined but never used.  @typescript-eslint/no-unused-vars
50:51  Warning: Unexpected any. Specify a different type.  @typescript-eslint/no-explicit-any

./app/(dashboard)/custos/page.tsx
85:6  Warning: React Hook useEffect has a missing dependency: 'fetchDados'. Either include it or remove the dependency array.  react-hooks/exhaustive-deps
104:24  Warning: 'totais' is assigned a value but never used.  @typescript-eslint/no-unused-vars
334:71  Warning: Unexpected any. Specify a different type.  @typescript-eslint/no-explicit-any

./app/(dashboard)/entrevistas/[id]/page.tsx
11:3  Warning: 'Briefcase' is defined but never used.  @typescript-eslint/no-unused-vars
47:62  Warning: Unexpected any. Specify a different type.  @typescript-eslint/no-explicit-any
57:9  Warning: 'router' is assigned a value but never used.  @typescript-eslint/no-unused-vars
93:6  Warning: React Hook useEffect has a missing dependency: 'fetchData'. Either include it or remove the dependency array.  react-hooks/exhaustive-deps

./app/api/auth/cadastro/route.ts
109:27  Warning: '_passwordHash' is assigned a value but never used.  @typescript-eslint/no-unused-vars

./app/api/auth/login/route.ts
115:27  Warning: '_passwordHash' is assigned a value but never used.  @typescript-eslint/no-unused-vars

./app/api/candidatos/route.ts
70:7  Warning: 'entrevistaId' is assigned a value but never used.  @typescript-eslint/no-unused-vars
79:9  Warning: 'query' is never reassigned. Use 'const' instead.  prefer-const

./app/api/entrevistas/criar/route.ts
114:16  Warning: 'template' is assigned a value but never used.  @typescript-eslint/no-unused-vars

./app/api/entrevistas/route.ts
3:35  Warning: 'perguntas' is defined but never used.  @typescript-eslint/no-unused-vars
4:33  Warning: 'count' is defined but never used.  @typescript-eslint/no-unused-vars

./app/api/perguntas/route.ts
5:10  Warning: 'isNull' is defined but never used.  @typescript-eslint/no-unused-vars
61:27  Warning: 'request' is defined but never used.  @typescript-eslint/no-unused-vars

./components/dashboard/bottom-nav.tsx
15:3  Warning: 'Settings' is defined but never used.  @typescript-eslint/no-unused-vars
25:10  Warning: 'Button' is defined but never used.  @typescript-eslint/no-unused-vars

./components/entrevista/autocomplete-cargo.tsx
4:10  Warning: 'Input' is defined but never used.  @typescript-eslint/no-unused-vars
44:37  Warning: Unexpected any. Specify a different type.  @typescript-eslint/no-explicit-any

./components/entrevista/lista-perguntas-selecionadas.tsx
33:3  Warning: 'onReordenar' is defined but never used.  @typescript-eslint/no-unused-vars

./components/entrevista/selecionar-perguntas-banco.tsx
6:10  Warning: 'Checkbox' is defined but never used.  @typescript-eslint/no-unused-vars

./components/entrevistas/compartilhar-link-dialog.tsx
3:20  Warning: 'useEffect' is defined but never used.  @typescript-eslint/no-unused-vars

./components/entrevistas/entrevista-card.tsx
11:3  Warning: 'MoreVertical' is defined but never used.  @typescript-eslint/no-unused-vars

./components/perguntas/formulario-pergunta.tsx
26:10  Warning: 'NIVEIS_HIERARQUICOS' is defined but never used.  @typescript-eslint/no-unused-vars

./lib/auth/get-user.ts
2:10  Warning: 'NextRequest' is defined but never used.  @typescript-eslint/no-unused-vars

./lib/services/plan-limits.ts
2:30  Warning: 'candidatos' is defined but never used.  @typescript-eslint/no-unused-vars

info  - Need to disable some ESLint rules? Learn more here: https://nextjs.org/docs/app/api-reference/config/eslint#disabling-rules
   Collecting page data ...
   Generating static pages (0/30) ...
   Generating static pages (7/30) 
   Generating static pages (14/30) 
   Generating static pages (22/30) 
 ✓ Generating static pages (30/30)
   Finalizing page optimization ...
   Collecting build traces ...

Route (app)                                 Size  First Load JS
┌ ○ /                                      175 B         105 kB
├ ○ /_not-found                            169 B         102 kB
├ ƒ /api/auth/[...nextauth]                169 B         102 kB
├ ƒ /api/auth/cadastro                     169 B         102 kB
├ ƒ /api/auth/login                        169 B         102 kB
├ ƒ /api/auth/reenviar-codigo              169 B         102 kB
├ ƒ /api/auth/verificar-email              169 B         102 kB
├ ƒ /api/candidatos                        169 B         102 kB
├ ƒ /api/candidatos/iniciar-entrevista     169 B         102 kB
├ ƒ /api/candidatos/lote                   169 B         102 kB
├ ƒ /api/custos                            169 B         102 kB
├ ƒ /api/entrevistas                       169 B         102 kB
├ ƒ /api/entrevistas/[id]                  169 B         102 kB
├ ƒ /api/entrevistas/criar                 169 B         102 kB
├ ƒ /api/perguntas                         169 B         102 kB
├ ○ /auth-error                          2.94 kB         117 kB
├ ○ /cadastro                            6.02 kB         120 kB
├ ○ /candidatos                          2.71 kB         116 kB
├ ○ /conta                                3.1 kB         117 kB
├ ○ /criar-entrevista                    7.33 kB         169 kB
├ ○ /custos                              5.46 kB         124 kB
├ ƒ /dashboard                             169 B         102 kB
├ ○ /entrevistas                         5.08 kB         133 kB
├ ƒ /entrevistas/[id]                    14.8 kB         153 kB
├ ○ /login                               7.24 kB         121 kB
├ ○ /perguntas                           3.81 kB         148 kB
├ ○ /perguntas/nova                      2.95 kB         161 kB
├ ○ /privacidade                           175 B         105 kB
├ ○ /termos                                175 B         105 kB
└ ○ /verificar-email                     4.81 kB         119 kB
+ First Load JS shared by all             102 kB
  ├ chunks/1255-404bb8de49c90395.js      45.8 kB
  ├ chunks/4bd1b696-f785427dddbba9fb.js  54.2 kB
  └ other shared chunks (total)          1.93 kB


ƒ Middleware                             34.1 kB

○  (Static)   prerendered as static content
ƒ  (Dynamic)  server-rendered on demand

